<?xml version="1.0" encoding="UTF-8"?>
<!-- Generated by org.testng.reporters.JUnitReportReporter -->
<testsuite hostname="ITINNOH-DW0266" failures="0" tests="2" name="qa.test.TestCases" time="47.376" errors="0" timestamp="2023-08-21T02:31:53 PDT" skipped="0">
  <testcase classname="qa.test.TestCases" name="PublishPPI" time="24.334"/>
  <testcase classname="qa.test.TestCases" name="Excludedishfromnewdishlist" time="23.042"/>
</testsuite> <!-- qa.test.TestCases -->
