<?xml version="1.0" encoding="UTF-8"?>
<!-- Generated by org.testng.reporters.JUnitReportReporter -->
<testsuite hostname="ITINNOH-DW0266" failures="0" tests="1" name="qa.test.Testcase1" time="21.367" errors="0" timestamp="2023-08-03T11:38:41 PDT" skipped="0">
  <testcase classname="qa.test.Testcase1" name="Excludedishfromnewdishlist" time="21.367"/>
</testsuite> <!-- qa.test.Testcase1 -->
