<?xml version="1.0" encoding="UTF-8"?>
<!-- Generated by org.testng.reporters.JUnitReportReporter -->
<testsuite hostname="ITINNOH-DW0266" failures="0" tests="1" name="qa.test.TestCase2" time="26.851" errors="0" timestamp="2023-08-22T04:11:04 PDT" skipped="0">
  <testcase classname="qa.test.TestCase2" name="PublishPPI" time="26.851"/>
</testsuite> <!-- qa.test.TestCase2 -->
